<?xml version="1.0" encoding="UTF-8"?>
<testsuite name="TestTrainingSequence" tests="6" skipped="0" failures="0" errors="0" timestamp="2022-05-29T17:30:10" hostname="Adrians-MacBook-Pro-2.local" time="4.396">
  <properties/>
  <testcase name="testSequenceSingleAthleteSingleCycle()" classname="TestTrainingSequence" time="0.112"/>
  <testcase name="testSequenceSingleAthleteMultiCycle()" classname="TestTrainingSequence" time="0.383"/>
  <testcase name="testSequenceMultiAttemptAllowFailures()" classname="TestTrainingSequence" time="0.897"/>
  <testcase name="testSequenceMultiAttemptDisallowFailures()" classname="TestTrainingSequence" time="1.045"/>
  <testcase name="testSequenceSingleAttemptAllowFailures()" classname="TestTrainingSequence" time="1.107"/>
  <testcase name="testSequenceSingleAttemptsDisallowFailures()" classname="TestTrainingSequence" time="0.847"/>
  <system-out><![CDATA[]]></system-out>
  <system-err><![CDATA[]]></system-err>
</testsuite>
