<?xml version="1.0" encoding="UTF-8"?>
<testsuite name="TestGymSetup" tests="5" skipped="0" failures="0" errors="0" timestamp="2022-05-29T17:30:10" hostname="Adrians-MacBook-Pro-2.local" time="0.027">
  <properties/>
  <testcase name="testAthleteArray()" classname="TestGymSetup" time="0.018"/>
  <testcase name="testWeightArray()" classname="TestGymSetup" time="0.001"/>
  <testcase name="testArrayMinSizes()" classname="TestGymSetup" time="0.001"/>
  <testcase name="testAthleteWeights()" classname="TestGymSetup" time="0.002"/>
  <testcase name="testAthleteCycles()" classname="TestGymSetup" time="0.001"/>
  <system-out><![CDATA[]]></system-out>
  <system-err><![CDATA[]]></system-err>
</testsuite>
