<?xml version="1.0" encoding="UTF-8"?>
<testsuite name="readandsort.TestReadAndSort" tests="4" skipped="0" failures="0" errors="0" timestamp="2022-05-08T08:29:12" hostname="Adrians-MBP-2" time="0.048">
  <properties/>
  <testcase name="testThreadCount()" classname="readandsort.TestReadAndSort" time="0.028"/>
  <testcase name="testNonexistentFile()" classname="readandsort.TestReadAndSort" time="0.006"/>
  <testcase name="testPartitionCount()" classname="readandsort.TestReadAndSort" time="0.007"/>
  <testcase name="testReadAndSort()" classname="readandsort.TestReadAndSort" time="0.005"/>
  <system-out><![CDATA[]]></system-out>
  <system-err><![CDATA[]]></system-err>
</testsuite>
