<?xml version="1.0" encoding="UTF-8"?>
<testsuite name="readandsort.TestReadAndSort" tests="4" skipped="0" failures="0" errors="0" timestamp="2022-05-09T08:41:17" hostname="Adrians-MBP-2" time="0.073">
  <properties/>
  <testcase name="testThreadCount()" classname="readandsort.TestReadAndSort" time="0.041"/>
  <testcase name="testNonexistentFile()" classname="readandsort.TestReadAndSort" time="0.01"/>
  <testcase name="testPartitionCount()" classname="readandsort.TestReadAndSort" time="0.011"/>
  <testcase name="testReadAndSort()" classname="readandsort.TestReadAndSort" time="0.008"/>
  <system-out><![CDATA[]]></system-out>
  <system-err><![CDATA[]]></system-err>
</testsuite>
